0 info it worked if it ends with ok
1 verbose cli [ '/Users/seanchas/.nvm/versions/node/v5.7.0/bin/node',
1 verbose cli   '/Users/seanchas/.nvm/versions/node/v5.7.0/bin/npm',
1 verbose cli   'run',
1 verbose cli   'bot' ]
2 info using npm@3.8.8
3 info using node@v5.7.0
4 verbose run-script [ 'prebot', 'bot', 'postbot' ]
5 info lifecycle telegram@1.0.0~prebot: telegram@1.0.0
6 silly lifecycle telegram@1.0.0~prebot: no script for prebot, continuing
7 info lifecycle telegram@1.0.0~bot: telegram@1.0.0
8 verbose lifecycle telegram@1.0.0~bot: unsafe-perm in lifecycle true
9 verbose lifecycle telegram@1.0.0~bot: PATH: /Users/seanchas/.nvm/versions/node/v5.7.0/lib/node_modules/npm/bin/node-gyp-bin:/Users/seanchas/Sandbox/bots/telegram/node_modules/.bin:/Users/seanchas/.nvm/versions/node/v5.7.0/bin:/Users/seanchas/.nvm/versions/node/v5.7.0/bin:/usr/local/bin:/usr/bin:/bin:/usr/sbin:/sbin
10 verbose lifecycle telegram@1.0.0~bot: CWD: /Users/seanchas/Sandbox/bots/telegram
11 silly lifecycle telegram@1.0.0~bot: Args: [ '-c', 'babel-node index' ]
12 silly lifecycle telegram@1.0.0~bot: Returned: code: 1  signal: null
13 info lifecycle telegram@1.0.0~bot: Failed to exec bot script
14 verbose stack Error: telegram@1.0.0 bot: `babel-node index`
14 verbose stack Exit status 1
14 verbose stack     at EventEmitter.<anonymous> (/Users/seanchas/.nvm/versions/node/v5.7.0/lib/node_modules/npm/lib/utils/lifecycle.js:244:16)
14 verbose stack     at emitTwo (events.js:100:13)
14 verbose stack     at EventEmitter.emit (events.js:185:7)
14 verbose stack     at ChildProcess.<anonymous> (/Users/seanchas/.nvm/versions/node/v5.7.0/lib/node_modules/npm/lib/utils/spawn.js:24:14)
14 verbose stack     at emitTwo (events.js:100:13)
14 verbose stack     at ChildProcess.emit (events.js:185:7)
14 verbose stack     at maybeClose (internal/child_process.js:827:16)
14 verbose stack     at Process.ChildProcess._handle.onexit (internal/child_process.js:211:5)
15 verbose pkgid telegram@1.0.0
16 verbose cwd /Users/seanchas/Sandbox/bots/telegram
17 error Darwin 15.2.0
18 error argv "/Users/seanchas/.nvm/versions/node/v5.7.0/bin/node" "/Users/seanchas/.nvm/versions/node/v5.7.0/bin/npm" "run" "bot"
19 error node v5.7.0
20 error npm  v3.8.8
21 error code ELIFECYCLE
22 error telegram@1.0.0 bot: `babel-node index`
22 error Exit status 1
23 error Failed at the telegram@1.0.0 bot script 'babel-node index'.
23 error Make sure you have the latest version of node.js and npm installed.
23 error If you do, this is most likely a problem with the telegram package,
23 error not with npm itself.
23 error Tell the author that this fails on your system:
23 error     babel-node index
23 error You can get information on how to open an issue for this project with:
23 error     npm bugs telegram
23 error Or if that isn't available, you can get their info via:
23 error     npm owner ls telegram
23 error There is likely additional logging output above.
24 verbose exit [ 1, true ]
